2025-04-09 10:55:04,579 - asyncio - DEBUG - [proactor_events.py:634] - Using proactor: IocpProactor
2025-04-09 10:55:13,187 - UnrealMCP - INFO - [unreal_mcp_server.py:41] - Received command: CreateLevel with params: {'levelName': 'TestLevel', 'template': 'EmptyLevel', 'savePath': '/Game/Maps/TestLevel'}
2025-04-09 10:55:13,187 - UnrealMCP - INFO - [unreal_mcp_server.py:71] - Creating level: TestLevel (template: EmptyLevel) at /Game/Maps/TestLevel
2025-04-09 10:55:20,228 - UnrealMCP - INFO - [unreal_mcp_server.py:41] - Received command: AddActor with params: {'actorClass': 'StaticMeshActor', 'actorName': 'Floor', 'location': {'x': 0, 'y': 0, 'z': 0}, 'rotation': {'pitch': 0, 'yaw': 0, 'roll': 0}, 'scale': {'x': 10, 'y': 10, 'z': 1}, 'staticMesh': '/Engine/BasicShapes/Plane.Plane'}
2025-04-09 10:55:20,230 - UnrealMCP - INFO - [unreal_mcp_server.py:96] - Adding actor Floor (StaticMeshActor) at location {'x': 0, 'y': 0, 'z': 0}
2025-04-09 10:55:22,268 - UnrealMCP - INFO - [unreal_mcp_server.py:41] - Received command: AddActor with params: {'actorClass': 'BP_FCCharacter', 'actorName': 'PlayerCharacter', 'location': {'x': 0, 'y': 0, 'z': 100}, 'rotation': {'pitch': 0, 'yaw': 0, 'roll': 0}, 'scale': {'x': 1, 'y': 1, 'z': 1}}
2025-04-09 10:55:22,268 - UnrealMCP - INFO - [unreal_mcp_server.py:96] - Adding actor PlayerCharacter (BP_FCCharacter) at location {'x': 0, 'y': 0, 'z': 100}
2025-04-09 10:55:24,303 - UnrealMCP - INFO - [unreal_mcp_server.py:41] - Received command: AddActor with params: {'actorClass': 'DirectionalLight', 'actorName': 'MainLight', 'location': {'x': 0, 'y': 0, 'z': 1000}, 'rotation': {'pitch': -45, 'yaw': -45, 'roll': 0}, 'scale': {'x': 1, 'y': 1, 'z': 1}}
2025-04-09 10:55:24,303 - UnrealMCP - INFO - [unreal_mcp_server.py:96] - Adding actor MainLight (DirectionalLight) at location {'x': 0, 'y': 0, 'z': 1000}
2025-04-09 10:55:26,363 - UnrealMCP - INFO - [unreal_mcp_server.py:41] - Received command: AddActor with params: {'actorClass': 'SkyLight', 'actorName': 'SkyLight', 'location': {'x': 0, 'y': 0, 'z': 0}, 'rotation': {'pitch': 0, 'yaw': 0, 'roll': 0}, 'scale': {'x': 1, 'y': 1, 'z': 1}}
2025-04-09 10:55:26,364 - UnrealMCP - INFO - [unreal_mcp_server.py:96] - Adding actor SkyLight (SkyLight) at location {'x': 0, 'y': 0, 'z': 0}
2025-04-09 10:55:28,421 - UnrealMCP - INFO - [unreal_mcp_server.py:41] - Received command: RefreshContentBrowser with params: {}
2025-04-09 10:55:28,421 - UnrealMCP - INFO - [unreal_mcp_server.py:153] - Refreshing content browser
2025-04-09 10:58:46,693 - UnrealMCP - INFO - [unreal_mcp_server.py:41] - Received command: AddActor with params: {'actorClass': 'StaticMeshActor', 'actorName': 'Floor', 'location': {'x': 0, 'y': 0, 'z': 0}, 'rotation': {'pitch': 0, 'yaw': 0, 'roll': 0}, 'scale': {'x': 10, 'y': 10, 'z': 1}, 'staticMesh': '/Engine/BasicShapes/Plane.Plane'}
2025-04-09 10:58:46,694 - UnrealMCP - INFO - [unreal_mcp_server.py:96] - Adding actor Floor (StaticMeshActor) at location {'x': 0, 'y': 0, 'z': 0}
2025-04-09 10:58:48,724 - UnrealMCP - INFO - [unreal_mcp_server.py:41] - Received command: AddActor with params: {'actorClass': 'BP_FCCharacter', 'actorName': 'PlayerCharacter', 'location': {'x': 0, 'y': 0, 'z': 100}, 'rotation': {'pitch': 0, 'yaw': 0, 'roll': 0}, 'scale': {'x': 1, 'y': 1, 'z': 1}}
2025-04-09 10:58:48,724 - UnrealMCP - INFO - [unreal_mcp_server.py:96] - Adding actor PlayerCharacter (BP_FCCharacter) at location {'x': 0, 'y': 0, 'z': 100}
2025-04-09 10:58:50,755 - UnrealMCP - INFO - [unreal_mcp_server.py:41] - Received command: AddActor with params: {'actorClass': 'DirectionalLight', 'actorName': 'MainLight', 'location': {'x': 0, 'y': 0, 'z': 1000}, 'rotation': {'pitch': -45, 'yaw': -45, 'roll': 0}, 'scale': {'x': 1, 'y': 1, 'z': 1}}
2025-04-09 10:58:50,755 - UnrealMCP - INFO - [unreal_mcp_server.py:96] - Adding actor MainLight (DirectionalLight) at location {'x': 0, 'y': 0, 'z': 1000}
2025-04-09 10:58:52,800 - UnrealMCP - INFO - [unreal_mcp_server.py:41] - Received command: AddActor with params: {'actorClass': 'SkyLight', 'actorName': 'SkyLight', 'location': {'x': 0, 'y': 0, 'z': 0}, 'rotation': {'pitch': 0, 'yaw': 0, 'roll': 0}, 'scale': {'x': 1, 'y': 1, 'z': 1}}
2025-04-09 10:58:52,800 - UnrealMCP - INFO - [unreal_mcp_server.py:96] - Adding actor SkyLight (SkyLight) at location {'x': 0, 'y': 0, 'z': 0}
2025-04-09 11:00:06,505 - UnrealMCP - INFO - [unreal_mcp_server.py:41] - Received command: AddActor with params: {'actorClass': 'StaticMeshActor', 'actorName': 'Floor', 'location': {'x': 0, 'y': 0, 'z': 0}, 'rotation': {'pitch': 0, 'yaw': 0, 'roll': 0}, 'scale': {'x': 10, 'y': 10, 'z': 1}, 'staticMesh': '/Engine/BasicShapes/Plane.Plane'}
2025-04-09 11:00:06,507 - UnrealMCP - INFO - [unreal_mcp_server.py:96] - Adding actor Floor (StaticMeshActor) at location {'x': 0, 'y': 0, 'z': 0}
2025-04-09 11:00:08,524 - UnrealMCP - INFO - [unreal_mcp_server.py:41] - Received command: AddActor with params: {'actorClass': 'BP_FCCharacter', 'actorName': 'PlayerCharacter', 'location': {'x': 0, 'y': 0, 'z': 100}, 'rotation': {'pitch': 0, 'yaw': 0, 'roll': 0}, 'scale': {'x': 1, 'y': 1, 'z': 1}}
2025-04-09 11:00:08,525 - UnrealMCP - INFO - [unreal_mcp_server.py:96] - Adding actor PlayerCharacter (BP_FCCharacter) at location {'x': 0, 'y': 0, 'z': 100}
2025-04-09 11:00:10,568 - UnrealMCP - INFO - [unreal_mcp_server.py:41] - Received command: AddActor with params: {'actorClass': 'DirectionalLight', 'actorName': 'MainLight', 'location': {'x': 0, 'y': 0, 'z': 1000}, 'rotation': {'pitch': -45, 'yaw': -45, 'roll': 0}, 'scale': {'x': 1, 'y': 1, 'z': 1}}
2025-04-09 11:00:10,568 - UnrealMCP - INFO - [unreal_mcp_server.py:96] - Adding actor MainLight (DirectionalLight) at location {'x': 0, 'y': 0, 'z': 1000}
2025-04-09 11:00:12,609 - UnrealMCP - INFO - [unreal_mcp_server.py:41] - Received command: AddActor with params: {'actorClass': 'SkyLight', 'actorName': 'SkyLight', 'location': {'x': 0, 'y': 0, 'z': 0}, 'rotation': {'pitch': 0, 'yaw': 0, 'roll': 0}, 'scale': {'x': 1, 'y': 1, 'z': 1}}
2025-04-09 11:00:12,609 - UnrealMCP - INFO - [unreal_mcp_server.py:96] - Adding actor SkyLight (SkyLight) at location {'x': 0, 'y': 0, 'z': 0}
2025-04-09 11:02:33,047 - UnrealMCP - INFO - [unreal_mcp_server.py:41] - Received command: AddBlueprintNode with params: {'blueprintName': 'BP_FCCharacter', 'nodeType': 'InputAxis', 'nodeName': 'MoveForward', 'location': [0, 0], 'connections': {'AxisValue': {'targetNode': 'AddMovementInput', 'targetPin': 'ScaleValue'}}}
2025-04-09 11:02:33,047 - UnrealMCP - ERROR - [unreal_mcp_server.py:61] - Error handling command: 400: Unknown command: AddBlueprintNode
2025-04-09 11:02:33,050 - UnrealMCP - INFO - [unreal_mcp_server.py:41] - Received command: AddBlueprintNode with params: {'blueprintName': 'BP_FCCharacter', 'nodeType': 'InputAxis', 'nodeName': 'MoveRight', 'location': [300, 0], 'connections': {'AxisValue': {'targetNode': 'AddMovementInput', 'targetPin': 'ScaleValue'}}}
2025-04-09 11:02:33,050 - UnrealMCP - ERROR - [unreal_mcp_server.py:61] - Error handling command: 400: Unknown command: AddBlueprintNode
2025-04-09 11:02:33,053 - UnrealMCP - INFO - [unreal_mcp_server.py:41] - Received command: AddBlueprintNode with params: {'blueprintName': 'BP_FCCharacter', 'nodeType': 'InputAction', 'nodeName': 'Jump', 'location': [0, 200], 'connections': {'Pressed': {'targetNode': 'Jump', 'targetPin': 'Execute'}}}
2025-04-09 11:02:33,053 - UnrealMCP - ERROR - [unreal_mcp_server.py:61] - Error handling command: 400: Unknown command: AddBlueprintNode
2025-04-09 11:02:43,031 - UnrealMCP - INFO - [unreal_mcp_server.py:41] - Received command: AddInputMapping with params: {'name': 'MoveForward', 'type': 'Axis', 'scale': 1.0, 'keys': ['W', 'S']}
2025-04-09 11:02:43,032 - UnrealMCP - ERROR - [unreal_mcp_server.py:61] - Error handling command: 400: Unknown command: AddInputMapping
2025-04-09 11:08:16,335 - asyncio - DEBUG - [proactor_events.py:634] - Using proactor: IocpProactor
2025-04-09 11:08:20,123 - UnrealMCP - INFO - [unreal_mcp_server.py:41] - Received command: AddInputMapping with params: {'name': 'MoveForward', 'type': 'Axis', 'scale': 1.0, 'keys': ['W', 'S']}
2025-04-09 11:08:20,123 - UnrealMCP - INFO - [unreal_mcp_server.py:202] - Adding Axis input mapping 'MoveForward' with keys ['W', 'S'] and scale 1.0
2025-04-09 11:08:22,178 - UnrealMCP - INFO - [unreal_mcp_server.py:41] - Received command: AddInputMapping with params: {'name': 'MoveRight', 'type': 'Axis', 'scale': 1.0, 'keys': ['D', 'A']}
2025-04-09 11:08:22,178 - UnrealMCP - INFO - [unreal_mcp_server.py:202] - Adding Axis input mapping 'MoveRight' with keys ['D', 'A'] and scale 1.0
2025-04-09 11:08:24,235 - UnrealMCP - INFO - [unreal_mcp_server.py:41] - Received command: AddInputMapping with params: {'name': 'Turn', 'type': 'Axis', 'scale': 1.0, 'keys': ['MouseX']}
2025-04-09 11:08:24,235 - UnrealMCP - INFO - [unreal_mcp_server.py:202] - Adding Axis input mapping 'Turn' with keys ['MouseX'] and scale 1.0
2025-04-09 11:08:26,291 - UnrealMCP - INFO - [unreal_mcp_server.py:41] - Received command: AddInputMapping with params: {'name': 'LookUp', 'type': 'Axis', 'scale': -1.0, 'keys': ['MouseY']}
2025-04-09 11:08:26,291 - UnrealMCP - INFO - [unreal_mcp_server.py:202] - Adding Axis input mapping 'LookUp' with keys ['MouseY'] and scale -1.0
2025-04-09 11:08:53,314 - UnrealMCP - INFO - [unreal_mcp_server.py:41] - Received command: AddInputMapping with params: {'name': 'MoveForward', 'type': 'Axis', 'scale': 1.0, 'keys': ['W', 'S']}
2025-04-09 11:08:53,314 - UnrealMCP - INFO - [unreal_mcp_server.py:202] - Adding Axis input mapping 'MoveForward' with keys ['W', 'S'] and scale 1.0
2025-04-09 11:08:55,359 - UnrealMCP - INFO - [unreal_mcp_server.py:41] - Received command: AddInputMapping with params: {'name': 'MoveRight', 'type': 'Axis', 'scale': 1.0, 'keys': ['D', 'A']}
2025-04-09 11:08:55,360 - UnrealMCP - INFO - [unreal_mcp_server.py:202] - Adding Axis input mapping 'MoveRight' with keys ['D', 'A'] and scale 1.0
2025-04-09 11:08:57,380 - UnrealMCP - INFO - [unreal_mcp_server.py:41] - Received command: AddInputMapping with params: {'name': 'Turn', 'type': 'Axis', 'scale': 1.0, 'keys': ['MouseX']}
2025-04-09 11:08:57,380 - UnrealMCP - INFO - [unreal_mcp_server.py:202] - Adding Axis input mapping 'Turn' with keys ['MouseX'] and scale 1.0
2025-04-09 11:08:59,426 - UnrealMCP - INFO - [unreal_mcp_server.py:41] - Received command: AddInputMapping with params: {'name': 'LookUp', 'type': 'Axis', 'scale': -1.0, 'keys': ['MouseY']}
2025-04-09 11:08:59,426 - UnrealMCP - INFO - [unreal_mcp_server.py:202] - Adding Axis input mapping 'LookUp' with keys ['MouseY'] and scale -1.0
2025-04-09 11:09:01,464 - UnrealMCP - INFO - [unreal_mcp_server.py:41] - Received command: AddInputMapping with params: {'name': 'Jump', 'type': 'Action', 'scale': 1.0, 'keys': ['SpaceBar']}
2025-04-09 11:09:01,464 - UnrealMCP - INFO - [unreal_mcp_server.py:202] - Adding Action input mapping 'Jump' with keys ['SpaceBar'] and scale 1.0
2025-04-09 11:09:03,509 - UnrealMCP - INFO - [unreal_mcp_server.py:41] - Received command: AddInputMapping with params: {'name': 'Sprint', 'type': 'Action', 'scale': 1.0, 'keys': ['LeftShift']}
2025-04-09 11:09:03,510 - UnrealMCP - INFO - [unreal_mcp_server.py:202] - Adding Action input mapping 'Sprint' with keys ['LeftShift'] and scale 1.0
2025-04-09 11:09:05,554 - UnrealMCP - INFO - [unreal_mcp_server.py:41] - Received command: AddInputMapping with params: {'name': 'Interact', 'type': 'Action', 'scale': 1.0, 'keys': ['E']}
2025-04-09 11:09:05,555 - UnrealMCP - INFO - [unreal_mcp_server.py:202] - Adding Action input mapping 'Interact' with keys ['E'] and scale 1.0
2025-04-09 11:09:07,581 - UnrealMCP - INFO - [unreal_mcp_server.py:41] - Received command: AddInputMapping with params: {'name': 'PrimaryAttack', 'type': 'Action', 'scale': 1.0, 'keys': ['LeftMouseButton']}
2025-04-09 11:09:07,581 - UnrealMCP - INFO - [unreal_mcp_server.py:202] - Adding Action input mapping 'PrimaryAttack' with keys ['LeftMouseButton'] and scale 1.0
2025-04-09 11:09:09,617 - UnrealMCP - INFO - [unreal_mcp_server.py:41] - Received command: AddInputMapping with params: {'name': 'SecondaryAction', 'type': 'Action', 'scale': 1.0, 'keys': ['RightMouseButton']}
2025-04-09 11:09:09,617 - UnrealMCP - INFO - [unreal_mcp_server.py:202] - Adding Action input mapping 'SecondaryAction' with keys ['RightMouseButton'] and scale 1.0
2025-04-09 11:09:49,745 - UnrealMCP - INFO - [unreal_mcp_server.py:41] - Received command: AddBlueprintNode with params: {'blueprintName': 'BP_FCCharacter', 'nodeType': 'InputAxis', 'nodeName': 'MoveForward', 'location': [0, 0], 'connections': {'AxisValue': {'targetNode': 'AddMovementInput', 'targetPin': 'ScaleValue'}}}
2025-04-09 11:09:49,746 - UnrealMCP - INFO - [unreal_mcp_server.py:179] - Adding InputAxis node 'MoveForward' to blueprint BP_FCCharacter at location [0, 0]
2025-04-09 11:09:49,749 - UnrealMCP - INFO - [unreal_mcp_server.py:41] - Received command: AddBlueprintNode with params: {'blueprintName': 'BP_FCCharacter', 'nodeType': 'InputAxis', 'nodeName': 'MoveRight', 'location': [300, 0], 'connections': {'AxisValue': {'targetNode': 'AddMovementInput', 'targetPin': 'ScaleValue'}}}
2025-04-09 11:09:49,749 - UnrealMCP - INFO - [unreal_mcp_server.py:179] - Adding InputAxis node 'MoveRight' to blueprint BP_FCCharacter at location [300, 0]
2025-04-09 11:09:49,753 - UnrealMCP - INFO - [unreal_mcp_server.py:41] - Received command: AddBlueprintNode with params: {'blueprintName': 'BP_FCCharacter', 'nodeType': 'InputAxis', 'nodeName': 'Turn', 'location': [0, 100], 'connections': {'AxisValue': {'targetNode': 'AddControllerYawInput', 'targetPin': 'Val'}}}
2025-04-09 11:09:49,754 - UnrealMCP - INFO - [unreal_mcp_server.py:179] - Adding InputAxis node 'Turn' to blueprint BP_FCCharacter at location [0, 100]
2025-04-09 11:09:49,759 - UnrealMCP - INFO - [unreal_mcp_server.py:41] - Received command: AddBlueprintNode with params: {'blueprintName': 'BP_FCCharacter', 'nodeType': 'InputAxis', 'nodeName': 'LookUp', 'location': [300, 100], 'connections': {'AxisValue': {'targetNode': 'AddControllerPitchInput', 'targetPin': 'Val'}}}
2025-04-09 11:09:49,759 - UnrealMCP - INFO - [unreal_mcp_server.py:179] - Adding InputAxis node 'LookUp' to blueprint BP_FCCharacter at location [300, 100]
2025-04-09 11:09:49,762 - UnrealMCP - INFO - [unreal_mcp_server.py:41] - Received command: AddBlueprintNode with params: {'blueprintName': 'BP_FCCharacter', 'nodeType': 'InputAction', 'nodeName': 'Jump', 'location': [0, 200], 'connections': {'Pressed': {'targetNode': 'Jump', 'targetPin': 'Execute'}}}
2025-04-09 11:09:49,763 - UnrealMCP - INFO - [unreal_mcp_server.py:179] - Adding InputAction node 'Jump' to blueprint BP_FCCharacter at location [0, 200]
2025-04-09 11:09:49,766 - UnrealMCP - INFO - [unreal_mcp_server.py:41] - Received command: AddBlueprintNode with params: {'blueprintName': 'BP_FCCharacter', 'nodeType': 'InputAction', 'nodeName': 'Sprint', 'location': [300, 200], 'connections': {'Pressed': {'targetNode': 'StartSprint', 'targetPin': 'Execute'}, 'Released': {'targetNode': 'StopSprint', 'targetPin': 'Execute'}}}
2025-04-09 11:09:49,766 - UnrealMCP - INFO - [unreal_mcp_server.py:179] - Adding InputAction node 'Sprint' to blueprint BP_FCCharacter at location [300, 200]
2025-04-09 11:09:49,771 - UnrealMCP - INFO - [unreal_mcp_server.py:41] - Received command: AddBlueprintNode with params: {'blueprintName': 'BP_FCCharacter', 'nodeType': 'InputAction', 'nodeName': 'Interact', 'location': [0, 300], 'connections': {'Pressed': {'targetNode': 'Interact', 'targetPin': 'Execute'}}}
2025-04-09 11:09:49,771 - UnrealMCP - INFO - [unreal_mcp_server.py:179] - Adding InputAction node 'Interact' to blueprint BP_FCCharacter at location [0, 300]
2025-04-09 11:09:49,775 - UnrealMCP - INFO - [unreal_mcp_server.py:41] - Received command: AddBlueprintNode with params: {'blueprintName': 'BP_FCCharacter', 'nodeType': 'InputAction', 'nodeName': 'PrimaryAttack', 'location': [300, 300], 'connections': {'Pressed': {'targetNode': 'StartPrimaryAttack', 'targetPin': 'Execute'}, 'Released': {'targetNode': 'StopPrimaryAttack', 'targetPin': 'Execute'}}}
2025-04-09 11:09:49,775 - UnrealMCP - INFO - [unreal_mcp_server.py:179] - Adding InputAction node 'PrimaryAttack' to blueprint BP_FCCharacter at location [300, 300]
2025-04-09 11:09:49,780 - UnrealMCP - INFO - [unreal_mcp_server.py:41] - Received command: AddBlueprintNode with params: {'blueprintName': 'BP_FCCharacter', 'nodeType': 'InputAction', 'nodeName': 'SecondaryAction', 'location': [0, 400], 'connections': {'Pressed': {'targetNode': 'StartSecondaryAction', 'targetPin': 'Execute'}, 'Released': {'targetNode': 'StopSecondaryAction', 'targetPin': 'Execute'}}}
2025-04-09 11:09:49,780 - UnrealMCP - INFO - [unreal_mcp_server.py:179] - Adding InputAction node 'SecondaryAction' to blueprint BP_FCCharacter at location [0, 400]
2025-04-09 11:12:36,026 - UnrealMCP - INFO - [unreal_mcp_server.py:41] - Received command: AddActor with params: {'actorClass': 'StaticMeshActor', 'actorName': 'Floor', 'location': {'x': 0, 'y': 0, 'z': 0}, 'rotation': {'pitch': 0, 'yaw': 0, 'roll': 0}, 'scale': {'x': 10, 'y': 10, 'z': 1}, 'staticMesh': '/Engine/BasicShapes/Plane.Plane'}
2025-04-09 11:12:36,027 - UnrealMCP - INFO - [unreal_mcp_server.py:100] - Adding actor Floor (StaticMeshActor) at location {'x': 0, 'y': 0, 'z': 0}
2025-04-09 11:12:38,058 - UnrealMCP - INFO - [unreal_mcp_server.py:41] - Received command: AddActor with params: {'actorClass': 'BP_FCCharacter', 'actorName': 'PlayerCharacter', 'location': {'x': 0, 'y': 0, 'z': 100}, 'rotation': {'pitch': 0, 'yaw': 0, 'roll': 0}, 'scale': {'x': 1, 'y': 1, 'z': 1}}
2025-04-09 11:12:38,058 - UnrealMCP - INFO - [unreal_mcp_server.py:100] - Adding actor PlayerCharacter (BP_FCCharacter) at location {'x': 0, 'y': 0, 'z': 100}
2025-04-09 11:12:40,101 - UnrealMCP - INFO - [unreal_mcp_server.py:41] - Received command: AddActor with params: {'actorClass': 'DirectionalLight', 'actorName': 'MainLight', 'location': {'x': 0, 'y': 0, 'z': 1000}, 'rotation': {'pitch': -45, 'yaw': -45, 'roll': 0}, 'scale': {'x': 1, 'y': 1, 'z': 1}}
2025-04-09 11:12:40,101 - UnrealMCP - INFO - [unreal_mcp_server.py:100] - Adding actor MainLight (DirectionalLight) at location {'x': 0, 'y': 0, 'z': 1000}
2025-04-09 11:12:42,141 - UnrealMCP - INFO - [unreal_mcp_server.py:41] - Received command: AddActor with params: {'actorClass': 'SkyLight', 'actorName': 'SkyLight', 'location': {'x': 0, 'y': 0, 'z': 0}, 'rotation': {'pitch': 0, 'yaw': 0, 'roll': 0}, 'scale': {'x': 1, 'y': 1, 'z': 1}}
2025-04-09 11:12:42,142 - UnrealMCP - INFO - [unreal_mcp_server.py:100] - Adding actor SkyLight (SkyLight) at location {'x': 0, 'y': 0, 'z': 0}
2025-04-09 11:13:55,737 - asyncio - DEBUG - [proactor_events.py:634] - Using proactor: IocpProactor
2025-04-09 11:13:57,201 - UnrealMCP - INFO - [unreal_mcp_server.py:41] - Received command: create_blueprint with params: {'name': 'BP_FCGameMode', 'parent_class': 'GameModeBase'}
2025-04-09 11:13:57,202 - UnrealMCP - INFO - [unreal_mcp_server.py:229] - Creating blueprint BP_FCGameMode with parent class GameModeBase
2025-04-09 11:13:57,206 - UnrealMCP - INFO - [unreal_mcp_server.py:41] - Received command: set_blueprint_property with params: {'blueprintName': 'BP_FCGameMode', 'propertyName': 'DefaultPawnClass', 'propertyValue': '/Game/Blueprints/Character/BP_FCCharacter'}
2025-04-09 11:13:57,206 - UnrealMCP - INFO - [unreal_mcp_server.py:249] - Setting property DefaultPawnClass to /Game/Blueprints/Character/BP_FCCharacter on blueprint BP_FCGameMode
2025-04-09 11:13:57,209 - UnrealMCP - INFO - [unreal_mcp_server.py:41] - Received command: SetLevelGameMode with params: {'levelName': 'TestLevel', 'gameMode': '/Game/Blueprints/BP_FCGameMode'}
2025-04-09 11:13:57,209 - UnrealMCP - INFO - [unreal_mcp_server.py:270] - Setting game mode /Game/Blueprints/BP_FCGameMode for level TestLevel
2025-04-09 11:26:31,843 - UnrealMCP - INFO - [unreal_mcp_server.py:41] - Received command: create_blueprint with params: {'name': 'BP_FCGameMode', 'parent_class': 'GameModeBase'}
2025-04-09 11:26:31,844 - UnrealMCP - INFO - [unreal_mcp_server.py:229] - Creating blueprint BP_FCGameMode with parent class GameModeBase
2025-04-09 11:26:31,848 - UnrealMCP - INFO - [unreal_mcp_server.py:41] - Received command: set_blueprint_property with params: {'blueprintName': 'BP_FCGameMode', 'propertyName': 'DefaultPawnClass', 'propertyValue': '/Game/Blueprints/Character/BP_FCCharacter'}
2025-04-09 11:26:31,848 - UnrealMCP - INFO - [unreal_mcp_server.py:249] - Setting property DefaultPawnClass to /Game/Blueprints/Character/BP_FCCharacter on blueprint BP_FCGameMode
2025-04-09 11:26:31,851 - UnrealMCP - INFO - [unreal_mcp_server.py:41] - Received command: SetLevelGameMode with params: {'levelName': 'TestLevel', 'gameMode': '/Game/Blueprints/BP_FCGameMode'}
2025-04-09 11:26:31,851 - UnrealMCP - INFO - [unreal_mcp_server.py:270] - Setting game mode /Game/Blueprints/BP_FCGameMode for level TestLevel
2025-04-09 11:30:02,721 - UnrealMCP - INFO - [unreal_mcp_server.py:41] - Received command: AddBlueprintNode with params: {'blueprintName': 'BP_FCCharacter', 'nodeType': 'InputAxis', 'nodeName': 'MoveForward', 'location': [0, 0], 'connections': {'AxisValue': {'targetNode': 'AddMovementInput', 'targetPin': 'ScaleValue'}}}
2025-04-09 11:30:02,722 - UnrealMCP - INFO - [unreal_mcp_server.py:185] - Adding InputAxis node 'MoveForward' to blueprint BP_FCCharacter at location [0, 0]
2025-04-09 11:30:04,763 - UnrealMCP - INFO - [unreal_mcp_server.py:41] - Received command: AddBlueprintNode with params: {'blueprintName': 'BP_FCCharacter', 'nodeType': 'InputAxis', 'nodeName': 'MoveRight', 'location': [300, 0], 'connections': {'AxisValue': {'targetNode': 'AddMovementInput', 'targetPin': 'ScaleValue'}}}
2025-04-09 11:30:04,763 - UnrealMCP - INFO - [unreal_mcp_server.py:185] - Adding InputAxis node 'MoveRight' to blueprint BP_FCCharacter at location [300, 0]
2025-04-09 11:30:06,809 - UnrealMCP - INFO - [unreal_mcp_server.py:41] - Received command: AddBlueprintNode with params: {'blueprintName': 'BP_FCCharacter', 'nodeType': 'InputAction', 'nodeName': 'Jump', 'location': [0, 200], 'connections': {'Pressed': {'targetNode': 'Jump', 'targetPin': 'Execute'}}}
2025-04-09 11:30:06,809 - UnrealMCP - INFO - [unreal_mcp_server.py:185] - Adding InputAction node 'Jump' to blueprint BP_FCCharacter at location [0, 200]
2025-04-09 11:30:08,864 - UnrealMCP - INFO - [unreal_mcp_server.py:41] - Received command: AddBlueprintNode with params: {'blueprintName': 'BP_FCCharacter', 'nodeType': 'InputAction', 'nodeName': 'Sprint', 'location': [300, 200], 'connections': {'Pressed': {'targetNode': 'StartSprint', 'targetPin': 'Execute'}, 'Released': {'targetNode': 'StopSprint', 'targetPin': 'Execute'}}}
2025-04-09 11:30:08,865 - UnrealMCP - INFO - [unreal_mcp_server.py:185] - Adding InputAction node 'Sprint' to blueprint BP_FCCharacter at location [300, 200]
2025-04-09 11:30:10,901 - UnrealMCP - INFO - [unreal_mcp_server.py:41] - Received command: AddBlueprintNode with params: {'blueprintName': 'BP_FCCharacter', 'nodeType': 'InputAction', 'nodeName': 'Interact', 'location': [0, 400], 'connections': {'Pressed': {'targetNode': 'Interact', 'targetPin': 'Execute'}}}
2025-04-09 11:30:10,902 - UnrealMCP - INFO - [unreal_mcp_server.py:185] - Adding InputAction node 'Interact' to blueprint BP_FCCharacter at location [0, 400]
2025-04-09 11:30:12,947 - UnrealMCP - INFO - [unreal_mcp_server.py:41] - Received command: AddBlueprintNode with params: {'blueprintName': 'BP_FCCharacter', 'nodeType': 'InputAction', 'nodeName': 'PrimaryAttack', 'location': [300, 400], 'connections': {'Pressed': {'targetNode': 'PrimaryAttack', 'targetPin': 'Execute'}}}
2025-04-09 11:30:12,947 - UnrealMCP - INFO - [unreal_mcp_server.py:185] - Adding InputAction node 'PrimaryAttack' to blueprint BP_FCCharacter at location [300, 400]
2025-04-09 11:30:14,986 - UnrealMCP - INFO - [unreal_mcp_server.py:41] - Received command: AddBlueprintNode with params: {'blueprintName': 'BP_FCCharacter', 'nodeType': 'InputAction', 'nodeName': 'SecondaryAction', 'location': [0, 600], 'connections': {'Pressed': {'targetNode': 'SecondaryAction', 'targetPin': 'Execute'}}}
2025-04-09 11:30:14,987 - UnrealMCP - INFO - [unreal_mcp_server.py:185] - Adding InputAction node 'SecondaryAction' to blueprint BP_FCCharacter at location [0, 600]
2025-04-09 11:30:21,986 - UnrealMCP - INFO - [unreal_mcp_server.py:41] - Received command: SetComponentProperty with params: {'blueprintName': 'BP_FCCharacter', 'componentName': 'Mesh', 'propertyName': 'SkeletalMesh', 'propertyValue': '/Engine/EngineMeshes/SkeletalMeshes/SK_Mannequin.SK_Mannequin'}
2025-04-09 11:30:21,986 - UnrealMCP - INFO - [unreal_mcp_server.py:127] - Setting property SkeletalMesh to /Engine/EngineMeshes/SkeletalMeshes/SK_Mannequin.SK_Mannequin on Mesh in BP_FCCharacter
2025-04-09 11:30:24,020 - UnrealMCP - INFO - [unreal_mcp_server.py:41] - Received command: SetComponentProperty with params: {'blueprintName': 'BP_FCCharacter', 'componentName': 'ArmsMesh', 'propertyName': 'SkeletalMesh', 'propertyValue': '/Engine/EngineMeshes/SkeletalMeshes/SK_Mannequin_Arms.SK_Mannequin_Arms'}
2025-04-09 11:30:24,021 - UnrealMCP - INFO - [unreal_mcp_server.py:127] - Setting property SkeletalMesh to /Engine/EngineMeshes/SkeletalMeshes/SK_Mannequin_Arms.SK_Mannequin_Arms on ArmsMesh in BP_FCCharacter
2025-04-09 11:30:26,074 - UnrealMCP - INFO - [unreal_mcp_server.py:41] - Received command: SetComponentProperty with params: {'blueprintName': 'BP_FCCharacter', 'componentName': 'Mesh', 'propertyName': 'AnimClass', 'propertyValue': '/Engine/EngineMeshes/SkeletalMeshes/Animations/UE4_Mannequin_AnimBP.UE4_Mannequin_AnimBP_C'}
2025-04-09 11:30:26,074 - UnrealMCP - INFO - [unreal_mcp_server.py:127] - Setting property AnimClass to /Engine/EngineMeshes/SkeletalMeshes/Animations/UE4_Mannequin_AnimBP.UE4_Mannequin_AnimBP_C on Mesh in BP_FCCharacter
2025-04-09 11:30:28,113 - UnrealMCP - INFO - [unreal_mcp_server.py:41] - Received command: SetComponentProperty with params: {'blueprintName': 'BP_FCCharacter', 'componentName': 'ArmsMesh', 'propertyName': 'AnimClass', 'propertyValue': '/Engine/EngineMeshes/SkeletalMeshes/Animations/UE4_Mannequin_Arms_AnimBP.UE4_Mannequin_Arms_AnimBP_C'}
2025-04-09 11:30:28,113 - UnrealMCP - INFO - [unreal_mcp_server.py:127] - Setting property AnimClass to /Engine/EngineMeshes/SkeletalMeshes/Animations/UE4_Mannequin_Arms_AnimBP.UE4_Mannequin_Arms_AnimBP_C on ArmsMesh in BP_FCCharacter
2025-04-09 11:30:30,156 - UnrealMCP - INFO - [unreal_mcp_server.py:41] - Received command: SetComponentProperty with params: {'blueprintName': 'BP_FCCharacter', 'componentName': 'CharacterMovement', 'propertyName': 'bUseControllerDesiredRotation', 'propertyValue': True}
2025-04-09 11:30:30,156 - UnrealMCP - INFO - [unreal_mcp_server.py:127] - Setting property bUseControllerDesiredRotation to True on CharacterMovement in BP_FCCharacter
2025-04-09 11:30:32,200 - UnrealMCP - INFO - [unreal_mcp_server.py:41] - Received command: SetComponentProperty with params: {'blueprintName': 'BP_FCCharacter', 'componentName': 'Character', 'propertyName': 'AutoPossessPlayer', 'propertyValue': 'Player0'}
2025-04-09 11:30:32,200 - UnrealMCP - INFO - [unreal_mcp_server.py:127] - Setting property AutoPossessPlayer to Player0 on Character in BP_FCCharacter
2025-04-09 11:30:35,695 - UnrealMCP - INFO - [unreal_mcp_server.py:41] - Received command: create_blueprint with params: {'name': 'BP_FCGameMode', 'parent_class': 'GameModeBase'}
2025-04-09 11:30:35,696 - UnrealMCP - INFO - [unreal_mcp_server.py:229] - Creating blueprint BP_FCGameMode with parent class GameModeBase
2025-04-09 11:30:35,701 - UnrealMCP - INFO - [unreal_mcp_server.py:41] - Received command: set_blueprint_property with params: {'blueprintName': 'BP_FCGameMode', 'propertyName': 'DefaultPawnClass', 'propertyValue': '/Game/Blueprints/Character/BP_FCCharacter'}
2025-04-09 11:30:35,701 - UnrealMCP - INFO - [unreal_mcp_server.py:249] - Setting property DefaultPawnClass to /Game/Blueprints/Character/BP_FCCharacter on blueprint BP_FCGameMode
2025-04-09 11:30:35,705 - UnrealMCP - INFO - [unreal_mcp_server.py:41] - Received command: SetLevelGameMode with params: {'levelName': 'TestLevel', 'gameMode': '/Game/Blueprints/BP_FCGameMode'}
2025-04-09 11:30:35,705 - UnrealMCP - INFO - [unreal_mcp_server.py:270] - Setting game mode /Game/Blueprints/BP_FCGameMode for level TestLevel
2025-04-09 11:31:37,135 - UnrealMCP - INFO - [unreal_mcp_server.py:41] - Received command: AddBlueprintNode with params: {'blueprintName': 'BP_FCCharacter', 'nodeType': 'InputAxis', 'nodeName': 'MoveForward', 'location': [0, 0], 'connections': {'AxisValue': {'targetNode': 'AddMovementInput', 'targetPin': 'ScaleValue'}}}
2025-04-09 11:31:37,135 - UnrealMCP - INFO - [unreal_mcp_server.py:185] - Adding InputAxis node 'MoveForward' to blueprint BP_FCCharacter at location [0, 0]
2025-04-09 11:31:39,193 - UnrealMCP - INFO - [unreal_mcp_server.py:41] - Received command: AddBlueprintNode with params: {'blueprintName': 'BP_FCCharacter', 'nodeType': 'InputAxis', 'nodeName': 'MoveRight', 'location': [300, 0], 'connections': {'AxisValue': {'targetNode': 'AddMovementInput', 'targetPin': 'ScaleValue'}}}
2025-04-09 11:31:39,193 - UnrealMCP - INFO - [unreal_mcp_server.py:185] - Adding InputAxis node 'MoveRight' to blueprint BP_FCCharacter at location [300, 0]
2025-04-09 11:31:41,233 - UnrealMCP - INFO - [unreal_mcp_server.py:41] - Received command: AddBlueprintNode with params: {'blueprintName': 'BP_FCCharacter', 'nodeType': 'InputAction', 'nodeName': 'Jump', 'location': [0, 200], 'connections': {'Pressed': {'targetNode': 'Jump', 'targetPin': 'Execute'}}}
2025-04-09 11:31:41,233 - UnrealMCP - INFO - [unreal_mcp_server.py:185] - Adding InputAction node 'Jump' to blueprint BP_FCCharacter at location [0, 200]
2025-04-09 11:31:43,267 - UnrealMCP - INFO - [unreal_mcp_server.py:41] - Received command: AddBlueprintNode with params: {'blueprintName': 'BP_FCCharacter', 'nodeType': 'InputAction', 'nodeName': 'Sprint', 'location': [300, 200], 'connections': {'Pressed': {'targetNode': 'StartSprint', 'targetPin': 'Execute'}, 'Released': {'targetNode': 'StopSprint', 'targetPin': 'Execute'}}}
2025-04-09 11:31:43,267 - UnrealMCP - INFO - [unreal_mcp_server.py:185] - Adding InputAction node 'Sprint' to blueprint BP_FCCharacter at location [300, 200]
2025-04-09 11:31:45,298 - UnrealMCP - INFO - [unreal_mcp_server.py:41] - Received command: AddBlueprintNode with params: {'blueprintName': 'BP_FCCharacter', 'nodeType': 'InputAction', 'nodeName': 'Interact', 'location': [0, 400], 'connections': {'Pressed': {'targetNode': 'Interact', 'targetPin': 'Execute'}}}
2025-04-09 11:31:45,298 - UnrealMCP - INFO - [unreal_mcp_server.py:185] - Adding InputAction node 'Interact' to blueprint BP_FCCharacter at location [0, 400]
2025-04-09 11:31:47,341 - UnrealMCP - INFO - [unreal_mcp_server.py:41] - Received command: AddBlueprintNode with params: {'blueprintName': 'BP_FCCharacter', 'nodeType': 'InputAction', 'nodeName': 'PrimaryAttack', 'location': [300, 400], 'connections': {'Pressed': {'targetNode': 'PrimaryAttack', 'targetPin': 'Execute'}}}
2025-04-09 11:31:47,341 - UnrealMCP - INFO - [unreal_mcp_server.py:185] - Adding InputAction node 'PrimaryAttack' to blueprint BP_FCCharacter at location [300, 400]
2025-04-09 11:31:49,384 - UnrealMCP - INFO - [unreal_mcp_server.py:41] - Received command: AddBlueprintNode with params: {'blueprintName': 'BP_FCCharacter', 'nodeType': 'InputAction', 'nodeName': 'SecondaryAction', 'location': [0, 600], 'connections': {'Pressed': {'targetNode': 'SecondaryAction', 'targetPin': 'Execute'}}}
2025-04-09 11:31:49,384 - UnrealMCP - INFO - [unreal_mcp_server.py:185] - Adding InputAction node 'SecondaryAction' to blueprint BP_FCCharacter at location [0, 600]
2025-04-09 11:33:25,741 - UnrealMCP - INFO - [unreal_mcp_server.py:41] - Received command: AddBlueprintNode with params: {'blueprintName': 'BP_FCCharacter', 'nodeType': 'InputAxis', 'nodeName': 'MoveForward', 'location': [0, 0], 'connections': {'AxisValue': {'targetNode': 'AddMovementInput', 'targetPin': 'ScaleValue'}}}
2025-04-09 11:33:25,742 - UnrealMCP - INFO - [unreal_mcp_server.py:185] - Adding InputAxis node 'MoveForward' to blueprint BP_FCCharacter at location [0, 0]
2025-04-09 11:33:27,775 - UnrealMCP - INFO - [unreal_mcp_server.py:41] - Received command: AddBlueprintNode with params: {'blueprintName': 'BP_FCCharacter', 'nodeType': 'InputAxis', 'nodeName': 'MoveRight', 'location': [300, 0], 'connections': {'AxisValue': {'targetNode': 'AddMovementInput', 'targetPin': 'ScaleValue'}}}
2025-04-09 11:33:27,775 - UnrealMCP - INFO - [unreal_mcp_server.py:185] - Adding InputAxis node 'MoveRight' to blueprint BP_FCCharacter at location [300, 0]
2025-04-09 11:33:29,816 - UnrealMCP - INFO - [unreal_mcp_server.py:41] - Received command: AddBlueprintNode with params: {'blueprintName': 'BP_FCCharacter', 'nodeType': 'InputAction', 'nodeName': 'Jump', 'location': [0, 200], 'connections': {'Pressed': {'targetNode': 'Jump', 'targetPin': 'Execute'}}}
2025-04-09 11:33:29,816 - UnrealMCP - INFO - [unreal_mcp_server.py:185] - Adding InputAction node 'Jump' to blueprint BP_FCCharacter at location [0, 200]
2025-04-09 11:33:31,863 - UnrealMCP - INFO - [unreal_mcp_server.py:41] - Received command: AddBlueprintNode with params: {'blueprintName': 'BP_FCCharacter', 'nodeType': 'InputAction', 'nodeName': 'Sprint', 'location': [300, 200], 'connections': {'Pressed': {'targetNode': 'StartSprint', 'targetPin': 'Execute'}, 'Released': {'targetNode': 'StopSprint', 'targetPin': 'Execute'}}}
2025-04-09 11:33:31,863 - UnrealMCP - INFO - [unreal_mcp_server.py:185] - Adding InputAction node 'Sprint' to blueprint BP_FCCharacter at location [300, 200]
2025-04-09 11:33:33,922 - UnrealMCP - INFO - [unreal_mcp_server.py:41] - Received command: AddBlueprintNode with params: {'blueprintName': 'BP_FCCharacter', 'nodeType': 'InputAction', 'nodeName': 'Interact', 'location': [0, 400], 'connections': {'Pressed': {'targetNode': 'Interact', 'targetPin': 'Execute'}}}
2025-04-09 11:33:33,922 - UnrealMCP - INFO - [unreal_mcp_server.py:185] - Adding InputAction node 'Interact' to blueprint BP_FCCharacter at location [0, 400]
2025-04-09 11:33:35,963 - UnrealMCP - INFO - [unreal_mcp_server.py:41] - Received command: AddBlueprintNode with params: {'blueprintName': 'BP_FCCharacter', 'nodeType': 'InputAction', 'nodeName': 'PrimaryAttack', 'location': [300, 400], 'connections': {'Pressed': {'targetNode': 'PrimaryAttack', 'targetPin': 'Execute'}}}
2025-04-09 11:33:35,964 - UnrealMCP - INFO - [unreal_mcp_server.py:185] - Adding InputAction node 'PrimaryAttack' to blueprint BP_FCCharacter at location [300, 400]
2025-04-09 11:33:38,020 - UnrealMCP - INFO - [unreal_mcp_server.py:41] - Received command: AddBlueprintNode with params: {'blueprintName': 'BP_FCCharacter', 'nodeType': 'InputAction', 'nodeName': 'SecondaryAction', 'location': [0, 600], 'connections': {'Pressed': {'targetNode': 'SecondaryAction', 'targetPin': 'Execute'}}}
2025-04-09 11:33:38,020 - UnrealMCP - INFO - [unreal_mcp_server.py:185] - Adding InputAction node 'SecondaryAction' to blueprint BP_FCCharacter at location [0, 600]
2025-04-09 11:33:44,349 - UnrealMCP - INFO - [unreal_mcp_server.py:41] - Received command: SetComponentProperty with params: {'blueprintName': 'BP_FCCharacter', 'componentName': 'Mesh', 'propertyName': 'SkeletalMesh', 'propertyValue': '/Engine/EngineMeshes/SkeletalMeshes/SK_Mannequin.SK_Mannequin'}
2025-04-09 11:33:44,350 - UnrealMCP - INFO - [unreal_mcp_server.py:127] - Setting property SkeletalMesh to /Engine/EngineMeshes/SkeletalMeshes/SK_Mannequin.SK_Mannequin on Mesh in BP_FCCharacter
2025-04-09 11:33:46,388 - UnrealMCP - INFO - [unreal_mcp_server.py:41] - Received command: SetComponentProperty with params: {'blueprintName': 'BP_FCCharacter', 'componentName': 'ArmsMesh', 'propertyName': 'SkeletalMesh', 'propertyValue': '/Engine/EngineMeshes/SkeletalMeshes/SK_Mannequin_Arms.SK_Mannequin_Arms'}
2025-04-09 11:33:46,389 - UnrealMCP - INFO - [unreal_mcp_server.py:127] - Setting property SkeletalMesh to /Engine/EngineMeshes/SkeletalMeshes/SK_Mannequin_Arms.SK_Mannequin_Arms on ArmsMesh in BP_FCCharacter
2025-04-09 11:33:48,419 - UnrealMCP - INFO - [unreal_mcp_server.py:41] - Received command: SetComponentProperty with params: {'blueprintName': 'BP_FCCharacter', 'componentName': 'Mesh', 'propertyName': 'AnimClass', 'propertyValue': '/Engine/EngineMeshes/SkeletalMeshes/Animations/UE4_Mannequin_AnimBP.UE4_Mannequin_AnimBP_C'}
2025-04-09 11:33:48,420 - UnrealMCP - INFO - [unreal_mcp_server.py:127] - Setting property AnimClass to /Engine/EngineMeshes/SkeletalMeshes/Animations/UE4_Mannequin_AnimBP.UE4_Mannequin_AnimBP_C on Mesh in BP_FCCharacter
2025-04-09 11:33:50,460 - UnrealMCP - INFO - [unreal_mcp_server.py:41] - Received command: SetComponentProperty with params: {'blueprintName': 'BP_FCCharacter', 'componentName': 'ArmsMesh', 'propertyName': 'AnimClass', 'propertyValue': '/Engine/EngineMeshes/SkeletalMeshes/Animations/UE4_Mannequin_Arms_AnimBP.UE4_Mannequin_Arms_AnimBP_C'}
2025-04-09 11:33:50,461 - UnrealMCP - INFO - [unreal_mcp_server.py:127] - Setting property AnimClass to /Engine/EngineMeshes/SkeletalMeshes/Animations/UE4_Mannequin_Arms_AnimBP.UE4_Mannequin_Arms_AnimBP_C on ArmsMesh in BP_FCCharacter
2025-04-09 11:33:52,510 - UnrealMCP - INFO - [unreal_mcp_server.py:41] - Received command: SetComponentProperty with params: {'blueprintName': 'BP_FCCharacter', 'componentName': 'CharacterMovement', 'propertyName': 'bUseControllerDesiredRotation', 'propertyValue': True}
2025-04-09 11:33:52,510 - UnrealMCP - INFO - [unreal_mcp_server.py:127] - Setting property bUseControllerDesiredRotation to True on CharacterMovement in BP_FCCharacter
2025-04-09 11:33:54,553 - UnrealMCP - INFO - [unreal_mcp_server.py:41] - Received command: SetComponentProperty with params: {'blueprintName': 'BP_FCCharacter', 'componentName': 'Character', 'propertyName': 'AutoPossessPlayer', 'propertyValue': 'Player0'}
2025-04-09 11:33:54,553 - UnrealMCP - INFO - [unreal_mcp_server.py:127] - Setting property AutoPossessPlayer to Player0 on Character in BP_FCCharacter
2025-04-09 11:36:14,210 - UnrealMCP - INFO - [unreal_mcp_server.py:41] - Received command: create_blueprint with params: {'blueprintName': 'BP_FCCharacter', 'parentClass': 'Character', 'folderPath': '/Game/Blueprints/Character'}
2025-04-09 11:36:14,211 - UnrealMCP - INFO - [unreal_mcp_server.py:229] - Creating blueprint None with parent class None
2025-04-09 11:36:16,239 - UnrealMCP - INFO - [unreal_mcp_server.py:41] - Received command: add_component_to_blueprint with params: {'blueprintName': 'BP_FCCharacter', 'componentName': 'Mesh', 'componentClass': 'SkeletalMeshComponent'}
2025-04-09 11:36:16,240 - UnrealMCP - ERROR - [unreal_mcp_server.py:71] - Error handling command: 400: Unknown command: add_component_to_blueprint
2025-04-09 11:36:18,267 - UnrealMCP - INFO - [unreal_mcp_server.py:41] - Received command: add_component_to_blueprint with params: {'blueprintName': 'BP_FCCharacter', 'componentName': 'ArmsMesh', 'componentClass': 'SkeletalMeshComponent'}
2025-04-09 11:36:18,268 - UnrealMCP - ERROR - [unreal_mcp_server.py:71] - Error handling command: 400: Unknown command: add_component_to_blueprint
2025-04-09 11:36:20,312 - UnrealMCP - INFO - [unreal_mcp_server.py:41] - Received command: add_component_to_blueprint with params: {'blueprintName': 'BP_FCCharacter', 'componentName': 'CharacterMovement', 'componentClass': 'CharacterMovementComponent'}
2025-04-09 11:36:20,313 - UnrealMCP - ERROR - [unreal_mcp_server.py:71] - Error handling command: 400: Unknown command: add_component_to_blueprint
2025-04-09 11:36:22,357 - UnrealMCP - INFO - [unreal_mcp_server.py:41] - Received command: compile_blueprint with params: {'blueprintName': 'BP_FCCharacter'}
2025-04-09 11:36:22,357 - UnrealMCP - ERROR - [unreal_mcp_server.py:71] - Error handling command: 400: Unknown command: compile_blueprint
2025-04-09 11:36:24,384 - UnrealMCP - INFO - [unreal_mcp_server.py:41] - Received command: AddBlueprintNode with params: {'blueprintName': 'BP_FCCharacter', 'nodeType': 'InputAxis', 'nodeName': 'MoveForward', 'location': [0, 0], 'connections': {'AxisValue': {'targetNode': 'AddMovementInput', 'targetPin': 'ScaleValue'}}}
2025-04-09 11:36:24,384 - UnrealMCP - INFO - [unreal_mcp_server.py:185] - Adding InputAxis node 'MoveForward' to blueprint BP_FCCharacter at location [0, 0]
2025-04-09 11:36:26,427 - UnrealMCP - INFO - [unreal_mcp_server.py:41] - Received command: AddBlueprintNode with params: {'blueprintName': 'BP_FCCharacter', 'nodeType': 'InputAxis', 'nodeName': 'MoveRight', 'location': [300, 0], 'connections': {'AxisValue': {'targetNode': 'AddMovementInput', 'targetPin': 'ScaleValue'}}}
2025-04-09 11:36:26,428 - UnrealMCP - INFO - [unreal_mcp_server.py:185] - Adding InputAxis node 'MoveRight' to blueprint BP_FCCharacter at location [300, 0]
2025-04-09 11:36:28,459 - UnrealMCP - INFO - [unreal_mcp_server.py:41] - Received command: AddBlueprintNode with params: {'blueprintName': 'BP_FCCharacter', 'nodeType': 'InputAction', 'nodeName': 'Jump', 'location': [0, 200], 'connections': {'Pressed': {'targetNode': 'Jump', 'targetPin': 'Execute'}}}
2025-04-09 11:36:28,459 - UnrealMCP - INFO - [unreal_mcp_server.py:185] - Adding InputAction node 'Jump' to blueprint BP_FCCharacter at location [0, 200]
2025-04-09 11:36:30,484 - UnrealMCP - INFO - [unreal_mcp_server.py:41] - Received command: AddBlueprintNode with params: {'blueprintName': 'BP_FCCharacter', 'nodeType': 'InputAction', 'nodeName': 'Sprint', 'location': [300, 200], 'connections': {'Pressed': {'targetNode': 'StartSprint', 'targetPin': 'Execute'}, 'Released': {'targetNode': 'StopSprint', 'targetPin': 'Execute'}}}
2025-04-09 11:36:30,484 - UnrealMCP - INFO - [unreal_mcp_server.py:185] - Adding InputAction node 'Sprint' to blueprint BP_FCCharacter at location [300, 200]
2025-04-09 11:36:32,533 - UnrealMCP - INFO - [unreal_mcp_server.py:41] - Received command: AddBlueprintNode with params: {'blueprintName': 'BP_FCCharacter', 'nodeType': 'InputAction', 'nodeName': 'Interact', 'location': [0, 400], 'connections': {'Pressed': {'targetNode': 'Interact', 'targetPin': 'Execute'}}}
2025-04-09 11:36:32,533 - UnrealMCP - INFO - [unreal_mcp_server.py:185] - Adding InputAction node 'Interact' to blueprint BP_FCCharacter at location [0, 400]
2025-04-09 11:36:34,587 - UnrealMCP - INFO - [unreal_mcp_server.py:41] - Received command: AddBlueprintNode with params: {'blueprintName': 'BP_FCCharacter', 'nodeType': 'InputAction', 'nodeName': 'PrimaryAttack', 'location': [300, 400], 'connections': {'Pressed': {'targetNode': 'PrimaryAttack', 'targetPin': 'Execute'}}}
2025-04-09 11:36:34,588 - UnrealMCP - INFO - [unreal_mcp_server.py:185] - Adding InputAction node 'PrimaryAttack' to blueprint BP_FCCharacter at location [300, 400]
2025-04-09 11:36:36,618 - UnrealMCP - INFO - [unreal_mcp_server.py:41] - Received command: AddBlueprintNode with params: {'blueprintName': 'BP_FCCharacter', 'nodeType': 'InputAction', 'nodeName': 'SecondaryAction', 'location': [0, 600], 'connections': {'Pressed': {'targetNode': 'SecondaryAction', 'targetPin': 'Execute'}}}
2025-04-09 11:36:36,618 - UnrealMCP - INFO - [unreal_mcp_server.py:185] - Adding InputAction node 'SecondaryAction' to blueprint BP_FCCharacter at location [0, 600]
2025-04-09 11:36:38,676 - UnrealMCP - INFO - [unreal_mcp_server.py:41] - Received command: compile_blueprint with params: {'blueprintName': 'BP_FCCharacter'}
2025-04-09 11:36:38,677 - UnrealMCP - ERROR - [unreal_mcp_server.py:71] - Error handling command: 400: Unknown command: compile_blueprint
2025-04-09 11:36:49,265 - UnrealMCP - INFO - [unreal_mcp_server.py:41] - Received command: create_blueprint with params: {'blueprintName': 'BP_FCCharacter', 'parentClass': 'Character', 'folderPath': '/Game/Blueprints/Character'}
2025-04-09 11:36:49,266 - UnrealMCP - INFO - [unreal_mcp_server.py:229] - Creating blueprint None with parent class None
2025-04-09 11:36:51,290 - UnrealMCP - INFO - [unreal_mcp_server.py:41] - Received command: add_component_to_blueprint with params: {'blueprintName': 'BP_FCCharacter', 'componentName': 'Mesh', 'componentClass': 'SkeletalMeshComponent'}
2025-04-09 11:36:51,290 - UnrealMCP - ERROR - [unreal_mcp_server.py:71] - Error handling command: 400: Unknown command: add_component_to_blueprint
2025-04-09 11:36:53,338 - UnrealMCP - INFO - [unreal_mcp_server.py:41] - Received command: add_component_to_blueprint with params: {'blueprintName': 'BP_FCCharacter', 'componentName': 'ArmsMesh', 'componentClass': 'SkeletalMeshComponent'}
2025-04-09 11:36:53,338 - UnrealMCP - ERROR - [unreal_mcp_server.py:71] - Error handling command: 400: Unknown command: add_component_to_blueprint
2025-04-09 11:36:55,358 - UnrealMCP - INFO - [unreal_mcp_server.py:41] - Received command: add_component_to_blueprint with params: {'blueprintName': 'BP_FCCharacter', 'componentName': 'CharacterMovement', 'componentClass': 'CharacterMovementComponent'}
2025-04-09 11:36:55,359 - UnrealMCP - ERROR - [unreal_mcp_server.py:71] - Error handling command: 400: Unknown command: add_component_to_blueprint
2025-04-09 11:36:57,386 - UnrealMCP - INFO - [unreal_mcp_server.py:41] - Received command: compile_blueprint with params: {'blueprintName': 'BP_FCCharacter'}
2025-04-09 11:36:57,386 - UnrealMCP - ERROR - [unreal_mcp_server.py:71] - Error handling command: 400: Unknown command: compile_blueprint
2025-04-09 11:36:59,432 - UnrealMCP - INFO - [unreal_mcp_server.py:41] - Received command: AddBlueprintNode with params: {'blueprintName': 'BP_FCCharacter', 'nodeType': 'InputAxis', 'nodeName': 'MoveForward', 'location': [0, 0], 'connections': {'AxisValue': {'targetNode': 'AddMovementInput', 'targetPin': 'ScaleValue'}}}
2025-04-09 11:36:59,432 - UnrealMCP - INFO - [unreal_mcp_server.py:185] - Adding InputAxis node 'MoveForward' to blueprint BP_FCCharacter at location [0, 0]
2025-04-09 11:37:01,459 - UnrealMCP - INFO - [unreal_mcp_server.py:41] - Received command: AddBlueprintNode with params: {'blueprintName': 'BP_FCCharacter', 'nodeType': 'InputAxis', 'nodeName': 'MoveRight', 'location': [300, 0], 'connections': {'AxisValue': {'targetNode': 'AddMovementInput', 'targetPin': 'ScaleValue'}}}
2025-04-09 11:37:01,459 - UnrealMCP - INFO - [unreal_mcp_server.py:185] - Adding InputAxis node 'MoveRight' to blueprint BP_FCCharacter at location [300, 0]
2025-04-09 11:37:03,508 - UnrealMCP - INFO - [unreal_mcp_server.py:41] - Received command: AddBlueprintNode with params: {'blueprintName': 'BP_FCCharacter', 'nodeType': 'InputAction', 'nodeName': 'Jump', 'location': [0, 200], 'connections': {'Pressed': {'targetNode': 'Jump', 'targetPin': 'Execute'}}}
2025-04-09 11:37:03,509 - UnrealMCP - INFO - [unreal_mcp_server.py:185] - Adding InputAction node 'Jump' to blueprint BP_FCCharacter at location [0, 200]
2025-04-09 11:37:05,563 - UnrealMCP - INFO - [unreal_mcp_server.py:41] - Received command: AddBlueprintNode with params: {'blueprintName': 'BP_FCCharacter', 'nodeType': 'InputAction', 'nodeName': 'Sprint', 'location': [300, 200], 'connections': {'Pressed': {'targetNode': 'StartSprint', 'targetPin': 'Execute'}, 'Released': {'targetNode': 'StopSprint', 'targetPin': 'Execute'}}}
2025-04-09 11:37:05,564 - UnrealMCP - INFO - [unreal_mcp_server.py:185] - Adding InputAction node 'Sprint' to blueprint BP_FCCharacter at location [300, 200]
2025-04-09 11:37:07,612 - UnrealMCP - INFO - [unreal_mcp_server.py:41] - Received command: AddBlueprintNode with params: {'blueprintName': 'BP_FCCharacter', 'nodeType': 'InputAction', 'nodeName': 'Interact', 'location': [0, 400], 'connections': {'Pressed': {'targetNode': 'Interact', 'targetPin': 'Execute'}}}
2025-04-09 11:37:07,613 - UnrealMCP - INFO - [unreal_mcp_server.py:185] - Adding InputAction node 'Interact' to blueprint BP_FCCharacter at location [0, 400]
2025-04-09 11:37:09,652 - UnrealMCP - INFO - [unreal_mcp_server.py:41] - Received command: AddBlueprintNode with params: {'blueprintName': 'BP_FCCharacter', 'nodeType': 'InputAction', 'nodeName': 'PrimaryAttack', 'location': [300, 400], 'connections': {'Pressed': {'targetNode': 'PrimaryAttack', 'targetPin': 'Execute'}}}
2025-04-09 11:37:09,653 - UnrealMCP - INFO - [unreal_mcp_server.py:185] - Adding InputAction node 'PrimaryAttack' to blueprint BP_FCCharacter at location [300, 400]
2025-04-09 11:37:11,707 - UnrealMCP - INFO - [unreal_mcp_server.py:41] - Received command: AddBlueprintNode with params: {'blueprintName': 'BP_FCCharacter', 'nodeType': 'InputAction', 'nodeName': 'SecondaryAction', 'location': [0, 600], 'connections': {'Pressed': {'targetNode': 'SecondaryAction', 'targetPin': 'Execute'}}}
2025-04-09 11:37:11,707 - UnrealMCP - INFO - [unreal_mcp_server.py:185] - Adding InputAction node 'SecondaryAction' to blueprint BP_FCCharacter at location [0, 600]
2025-04-09 11:37:13,762 - UnrealMCP - INFO - [unreal_mcp_server.py:41] - Received command: compile_blueprint with params: {'blueprintName': 'BP_FCCharacter'}
2025-04-09 11:37:13,762 - UnrealMCP - ERROR - [unreal_mcp_server.py:71] - Error handling command: 400: Unknown command: compile_blueprint
2025-04-09 11:37:28,540 - UnrealMCP - INFO - [unreal_mcp_server.py:41] - Received command: SetComponentProperty with params: {'blueprintName': 'BP_FCCharacter', 'componentName': 'Mesh', 'propertyName': 'SkeletalMesh', 'propertyValue': '/Engine/EngineMeshes/SkeletalMeshes/SK_Mannequin.SK_Mannequin'}
2025-04-09 11:37:28,541 - UnrealMCP - INFO - [unreal_mcp_server.py:127] - Setting property SkeletalMesh to /Engine/EngineMeshes/SkeletalMeshes/SK_Mannequin.SK_Mannequin on Mesh in BP_FCCharacter
2025-04-09 11:37:30,597 - UnrealMCP - INFO - [unreal_mcp_server.py:41] - Received command: SetComponentProperty with params: {'blueprintName': 'BP_FCCharacter', 'componentName': 'ArmsMesh', 'propertyName': 'SkeletalMesh', 'propertyValue': '/Engine/EngineMeshes/SkeletalMeshes/SK_Mannequin_Arms.SK_Mannequin_Arms'}
2025-04-09 11:37:30,597 - UnrealMCP - INFO - [unreal_mcp_server.py:127] - Setting property SkeletalMesh to /Engine/EngineMeshes/SkeletalMeshes/SK_Mannequin_Arms.SK_Mannequin_Arms on ArmsMesh in BP_FCCharacter
2025-04-09 11:37:32,642 - UnrealMCP - INFO - [unreal_mcp_server.py:41] - Received command: SetComponentProperty with params: {'blueprintName': 'BP_FCCharacter', 'componentName': 'Mesh', 'propertyName': 'AnimClass', 'propertyValue': '/Engine/EngineMeshes/SkeletalMeshes/Animations/UE4_Mannequin_AnimBP.UE4_Mannequin_AnimBP_C'}
2025-04-09 11:37:32,642 - UnrealMCP - INFO - [unreal_mcp_server.py:127] - Setting property AnimClass to /Engine/EngineMeshes/SkeletalMeshes/Animations/UE4_Mannequin_AnimBP.UE4_Mannequin_AnimBP_C on Mesh in BP_FCCharacter
2025-04-09 11:37:34,676 - UnrealMCP - INFO - [unreal_mcp_server.py:41] - Received command: SetComponentProperty with params: {'blueprintName': 'BP_FCCharacter', 'componentName': 'ArmsMesh', 'propertyName': 'AnimClass', 'propertyValue': '/Engine/EngineMeshes/SkeletalMeshes/Animations/UE4_Mannequin_Arms_AnimBP.UE4_Mannequin_Arms_AnimBP_C'}
2025-04-09 11:37:34,677 - UnrealMCP - INFO - [unreal_mcp_server.py:127] - Setting property AnimClass to /Engine/EngineMeshes/SkeletalMeshes/Animations/UE4_Mannequin_Arms_AnimBP.UE4_Mannequin_Arms_AnimBP_C on ArmsMesh in BP_FCCharacter
2025-04-09 11:37:36,721 - UnrealMCP - INFO - [unreal_mcp_server.py:41] - Received command: SetComponentProperty with params: {'blueprintName': 'BP_FCCharacter', 'componentName': 'CharacterMovement', 'propertyName': 'bUseControllerDesiredRotation', 'propertyValue': True}
2025-04-09 11:37:36,722 - UnrealMCP - INFO - [unreal_mcp_server.py:127] - Setting property bUseControllerDesiredRotation to True on CharacterMovement in BP_FCCharacter
2025-04-09 11:37:38,768 - UnrealMCP - INFO - [unreal_mcp_server.py:41] - Received command: SetComponentProperty with params: {'blueprintName': 'BP_FCCharacter', 'componentName': 'Character', 'propertyName': 'AutoPossessPlayer', 'propertyValue': 'Player0'}
2025-04-09 11:37:38,768 - UnrealMCP - INFO - [unreal_mcp_server.py:127] - Setting property AutoPossessPlayer to Player0 on Character in BP_FCCharacter
2025-04-09 11:37:40,798 - UnrealMCP - INFO - [unreal_mcp_server.py:41] - Received command: compile_blueprint with params: {'blueprintName': 'BP_FCCharacter'}
2025-04-09 11:37:40,798 - UnrealMCP - ERROR - [unreal_mcp_server.py:71] - Error handling command: 400: Unknown command: compile_blueprint
