2025-04-09 10:30:23,640 - asyncio - DEBUG - [proactor_events.py:634] - Using proactor: IocpProactor
2025-04-09 10:30:28,188 - UnrealMCP - INFO - [unreal_mcp_server.py:41] - Received command: CreateLevel with params: {'levelName': 'TestLevel', 'template': 'EmptyLevel'}
2025-04-09 10:30:28,188 - UnrealMCP - INFO - [unreal_mcp_server.py:66] - Creating level: TestLevel (template: EmptyLevel)
2025-04-09 10:30:31,236 - UnrealMCP - INFO - [unreal_mcp_server.py:41] - Received command: AddActor with params: {'actorClass': 'StaticMeshActor', 'actorName': 'Floor', 'location': {'x': 0, 'y': 0, 'z': 0}, 'rotation': {'pitch': 0, 'yaw': 0, 'roll': 0}, 'scale': {'x': 10, 'y': 10, 'z': 1}, 'staticMesh': '/Engine/BasicShapes/Plane.Plane'}
2025-04-09 10:30:31,237 - UnrealMCP - INFO - [unreal_mcp_server.py:89] - Adding actor Floor (StaticMeshActor) at location {'x': 0, 'y': 0, 'z': 0}
2025-04-09 10:30:33,278 - UnrealMCP - INFO - [unreal_mcp_server.py:41] - Received command: AddActor with params: {'actorClass': 'BP_FCCharacter', 'actorName': 'PlayerCharacter', 'location': {'x': 0, 'y': 0, 'z': 100}, 'rotation': {'pitch': 0, 'yaw': 0, 'roll': 0}, 'scale': {'x': 1, 'y': 1, 'z': 1}}
2025-04-09 10:30:33,278 - UnrealMCP - INFO - [unreal_mcp_server.py:89] - Adding actor PlayerCharacter (BP_FCCharacter) at location {'x': 0, 'y': 0, 'z': 100}
2025-04-09 10:30:35,321 - UnrealMCP - INFO - [unreal_mcp_server.py:41] - Received command: AddActor with params: {'actorClass': 'DirectionalLight', 'actorName': 'MainLight', 'location': {'x': 0, 'y': 0, 'z': 1000}, 'rotation': {'pitch': -45, 'yaw': -45, 'roll': 0}, 'scale': {'x': 1, 'y': 1, 'z': 1}}
2025-04-09 10:30:35,321 - UnrealMCP - INFO - [unreal_mcp_server.py:89] - Adding actor MainLight (DirectionalLight) at location {'x': 0, 'y': 0, 'z': 1000}
2025-04-09 10:30:37,364 - UnrealMCP - INFO - [unreal_mcp_server.py:41] - Received command: AddActor with params: {'actorClass': 'SkyLight', 'actorName': 'SkyLight', 'location': {'x': 0, 'y': 0, 'z': 0}, 'rotation': {'pitch': 0, 'yaw': 0, 'roll': 0}, 'scale': {'x': 1, 'y': 1, 'z': 1}}
2025-04-09 10:30:37,364 - UnrealMCP - INFO - [unreal_mcp_server.py:89] - Adding actor SkyLight (SkyLight) at location {'x': 0, 'y': 0, 'z': 0}
2025-04-09 10:30:44,763 - UnrealMCP - INFO - [unreal_mcp_server.py:41] - Received command: SetComponentProperty with params: {'blueprintName': 'BP_FCCharacter', 'componentName': 'Mesh', 'propertyName': 'SkeletalMesh', 'propertyValue': '/Engine/EngineMeshes/SkeletalMeshes/SK_Mannequin.SK_Mannequin'}
2025-04-09 10:30:44,763 - UnrealMCP - INFO - [unreal_mcp_server.py:110] - Setting property SkeletalMesh to /Engine/EngineMeshes/SkeletalMeshes/SK_Mannequin.SK_Mannequin on Mesh in BP_FCCharacter
2025-04-09 10:30:46,808 - UnrealMCP - INFO - [unreal_mcp_server.py:41] - Received command: SetComponentProperty with params: {'blueprintName': 'BP_FCCharacter', 'componentName': 'ArmsMesh', 'propertyName': 'SkeletalMesh', 'propertyValue': '/Engine/EngineMeshes/SkeletalMeshes/SK_Mannequin_Arms.SK_Mannequin_Arms'}
2025-04-09 10:30:46,809 - UnrealMCP - INFO - [unreal_mcp_server.py:110] - Setting property SkeletalMesh to /Engine/EngineMeshes/SkeletalMeshes/SK_Mannequin_Arms.SK_Mannequin_Arms on ArmsMesh in BP_FCCharacter
2025-04-09 10:30:48,853 - UnrealMCP - INFO - [unreal_mcp_server.py:41] - Received command: SetComponentProperty with params: {'blueprintName': 'BP_FCCharacter', 'componentName': 'Mesh', 'propertyName': 'AnimClass', 'propertyValue': '/Engine/EngineMeshes/SkeletalMeshes/Animations/UE4_Mannequin_AnimBP.UE4_Mannequin_AnimBP_C'}
2025-04-09 10:30:48,853 - UnrealMCP - INFO - [unreal_mcp_server.py:110] - Setting property AnimClass to /Engine/EngineMeshes/SkeletalMeshes/Animations/UE4_Mannequin_AnimBP.UE4_Mannequin_AnimBP_C on Mesh in BP_FCCharacter
2025-04-09 10:30:50,913 - UnrealMCP - INFO - [unreal_mcp_server.py:41] - Received command: SetComponentProperty with params: {'blueprintName': 'BP_FCCharacter', 'componentName': 'ArmsMesh', 'propertyName': 'AnimClass', 'propertyValue': '/Engine/EngineMeshes/SkeletalMeshes/Animations/UE4_Mannequin_Arms_AnimBP.UE4_Mannequin_Arms_AnimBP_C'}
2025-04-09 10:30:50,913 - UnrealMCP - INFO - [unreal_mcp_server.py:110] - Setting property AnimClass to /Engine/EngineMeshes/SkeletalMeshes/Animations/UE4_Mannequin_Arms_AnimBP.UE4_Mannequin_Arms_AnimBP_C on ArmsMesh in BP_FCCharacter
2025-04-09 10:30:52,959 - UnrealMCP - INFO - [unreal_mcp_server.py:41] - Received command: SetComponentProperty with params: {'blueprintName': 'BP_FCCharacter', 'componentName': 'CharacterMovement', 'propertyName': 'bUseControllerDesiredRotation', 'propertyValue': True}
2025-04-09 10:30:52,959 - UnrealMCP - INFO - [unreal_mcp_server.py:110] - Setting property bUseControllerDesiredRotation to True on CharacterMovement in BP_FCCharacter
2025-04-09 10:30:55,005 - UnrealMCP - INFO - [unreal_mcp_server.py:41] - Received command: SetComponentProperty with params: {'blueprintName': 'BP_FCCharacter', 'componentName': 'Character', 'propertyName': 'AutoPossessPlayer', 'propertyValue': 'Player0'}
2025-04-09 10:30:55,006 - UnrealMCP - INFO - [unreal_mcp_server.py:110] - Setting property AutoPossessPlayer to Player0 on Character in BP_FCCharacter
2025-04-09 10:38:28,306 - UnrealMCP - INFO - [unreal_mcp_server.py:41] - Received command: CreateLevel with params: {'levelName': 'TestLevel', 'template': 'EmptyLevel', 'savePath': '/Game/Maps/TestLevel'}
2025-04-09 10:38:28,307 - UnrealMCP - INFO - [unreal_mcp_server.py:66] - Creating level: TestLevel (template: EmptyLevel)
2025-04-09 10:38:32,348 - UnrealMCP - INFO - [unreal_mcp_server.py:41] - Received command: AddActor with params: {'actorClass': 'StaticMeshActor', 'actorName': 'Floor', 'location': {'x': 0, 'y': 0, 'z': 0}, 'rotation': {'pitch': 0, 'yaw': 0, 'roll': 0}, 'scale': {'x': 10, 'y': 10, 'z': 1}, 'staticMesh': '/Engine/BasicShapes/Plane.Plane'}
2025-04-09 10:38:32,348 - UnrealMCP - INFO - [unreal_mcp_server.py:89] - Adding actor Floor (StaticMeshActor) at location {'x': 0, 'y': 0, 'z': 0}
2025-04-09 10:38:34,380 - UnrealMCP - INFO - [unreal_mcp_server.py:41] - Received command: AddActor with params: {'actorClass': 'BP_FCCharacter', 'actorName': 'PlayerCharacter', 'location': {'x': 0, 'y': 0, 'z': 100}, 'rotation': {'pitch': 0, 'yaw': 0, 'roll': 0}, 'scale': {'x': 1, 'y': 1, 'z': 1}}
2025-04-09 10:38:34,380 - UnrealMCP - INFO - [unreal_mcp_server.py:89] - Adding actor PlayerCharacter (BP_FCCharacter) at location {'x': 0, 'y': 0, 'z': 100}
2025-04-09 10:38:36,416 - UnrealMCP - INFO - [unreal_mcp_server.py:41] - Received command: AddActor with params: {'actorClass': 'DirectionalLight', 'actorName': 'MainLight', 'location': {'x': 0, 'y': 0, 'z': 1000}, 'rotation': {'pitch': -45, 'yaw': -45, 'roll': 0}, 'scale': {'x': 1, 'y': 1, 'z': 1}}
2025-04-09 10:38:36,416 - UnrealMCP - INFO - [unreal_mcp_server.py:89] - Adding actor MainLight (DirectionalLight) at location {'x': 0, 'y': 0, 'z': 1000}
2025-04-09 10:38:38,447 - UnrealMCP - INFO - [unreal_mcp_server.py:41] - Received command: AddActor with params: {'actorClass': 'SkyLight', 'actorName': 'SkyLight', 'location': {'x': 0, 'y': 0, 'z': 0}, 'rotation': {'pitch': 0, 'yaw': 0, 'roll': 0}, 'scale': {'x': 1, 'y': 1, 'z': 1}}
2025-04-09 10:38:38,447 - UnrealMCP - INFO - [unreal_mcp_server.py:89] - Adding actor SkyLight (SkyLight) at location {'x': 0, 'y': 0, 'z': 0}
2025-04-09 10:40:18,306 - UnrealMCP - INFO - [unreal_mcp_server.py:41] - Received command: CreateLevel with params: {'levelName': 'TestLevel', 'template': 'EmptyLevel', 'savePath': '/Game/Maps/TestLevel'}
2025-04-09 10:40:18,306 - UnrealMCP - INFO - [unreal_mcp_server.py:66] - Creating level: TestLevel (template: EmptyLevel)
2025-04-09 10:40:22,354 - UnrealMCP - INFO - [unreal_mcp_server.py:41] - Received command: AddActor with params: {'actorClass': 'StaticMeshActor', 'actorName': 'Floor', 'location': {'x': 0, 'y': 0, 'z': 0}, 'rotation': {'pitch': 0, 'yaw': 0, 'roll': 0}, 'scale': {'x': 10, 'y': 10, 'z': 1}, 'staticMesh': '/Engine/BasicShapes/Plane.Plane'}
2025-04-09 10:40:22,355 - UnrealMCP - INFO - [unreal_mcp_server.py:89] - Adding actor Floor (StaticMeshActor) at location {'x': 0, 'y': 0, 'z': 0}
2025-04-09 10:40:24,399 - UnrealMCP - INFO - [unreal_mcp_server.py:41] - Received command: AddActor with params: {'actorClass': 'BP_FCCharacter', 'actorName': 'PlayerCharacter', 'location': {'x': 0, 'y': 0, 'z': 100}, 'rotation': {'pitch': 0, 'yaw': 0, 'roll': 0}, 'scale': {'x': 1, 'y': 1, 'z': 1}}
2025-04-09 10:40:24,400 - UnrealMCP - INFO - [unreal_mcp_server.py:89] - Adding actor PlayerCharacter (BP_FCCharacter) at location {'x': 0, 'y': 0, 'z': 100}
2025-04-09 10:40:26,445 - UnrealMCP - INFO - [unreal_mcp_server.py:41] - Received command: AddActor with params: {'actorClass': 'DirectionalLight', 'actorName': 'MainLight', 'location': {'x': 0, 'y': 0, 'z': 1000}, 'rotation': {'pitch': -45, 'yaw': -45, 'roll': 0}, 'scale': {'x': 1, 'y': 1, 'z': 1}}
2025-04-09 10:40:26,445 - UnrealMCP - INFO - [unreal_mcp_server.py:89] - Adding actor MainLight (DirectionalLight) at location {'x': 0, 'y': 0, 'z': 1000}
2025-04-09 10:40:28,487 - UnrealMCP - INFO - [unreal_mcp_server.py:41] - Received command: AddActor with params: {'actorClass': 'SkyLight', 'actorName': 'SkyLight', 'location': {'x': 0, 'y': 0, 'z': 0}, 'rotation': {'pitch': 0, 'yaw': 0, 'roll': 0}, 'scale': {'x': 1, 'y': 1, 'z': 1}}
2025-04-09 10:40:28,487 - UnrealMCP - INFO - [unreal_mcp_server.py:89] - Adding actor SkyLight (SkyLight) at location {'x': 0, 'y': 0, 'z': 0}
2025-04-09 10:40:30,531 - UnrealMCP - INFO - [unreal_mcp_server.py:41] - Received command: SaveLevel with params: {'levelName': 'TestLevel', 'savePath': '/Game/Maps/TestLevel'}
2025-04-09 10:40:30,532 - UnrealMCP - ERROR - [unreal_mcp_server.py:57] - Error handling command: 400: Unknown command: SaveLevel
2025-04-09 10:43:23,678 - UnrealMCP - INFO - [unreal_mcp_server.py:41] - Received command: CreateLevel with params: {'levelName': 'TestLevel', 'template': 'EmptyLevel', 'savePath': '/Game/Maps/TestLevel'}
2025-04-09 10:43:23,678 - UnrealMCP - INFO - [unreal_mcp_server.py:66] - Creating level: TestLevel (template: EmptyLevel)
2025-04-09 10:43:30,723 - UnrealMCP - INFO - [unreal_mcp_server.py:41] - Received command: AddActor with params: {'actorClass': 'StaticMeshActor', 'actorName': 'Floor', 'location': {'x': 0, 'y': 0, 'z': 0}, 'rotation': {'pitch': 0, 'yaw': 0, 'roll': 0}, 'scale': {'x': 10, 'y': 10, 'z': 1}, 'staticMesh': '/Engine/BasicShapes/Plane.Plane'}
2025-04-09 10:43:30,724 - UnrealMCP - INFO - [unreal_mcp_server.py:89] - Adding actor Floor (StaticMeshActor) at location {'x': 0, 'y': 0, 'z': 0}
2025-04-09 10:43:32,782 - UnrealMCP - INFO - [unreal_mcp_server.py:41] - Received command: AddActor with params: {'actorClass': 'BP_FCCharacter', 'actorName': 'PlayerCharacter', 'location': {'x': 0, 'y': 0, 'z': 100}, 'rotation': {'pitch': 0, 'yaw': 0, 'roll': 0}, 'scale': {'x': 1, 'y': 1, 'z': 1}}
2025-04-09 10:43:32,782 - UnrealMCP - INFO - [unreal_mcp_server.py:89] - Adding actor PlayerCharacter (BP_FCCharacter) at location {'x': 0, 'y': 0, 'z': 100}
2025-04-09 10:43:34,809 - UnrealMCP - INFO - [unreal_mcp_server.py:41] - Received command: AddActor with params: {'actorClass': 'DirectionalLight', 'actorName': 'MainLight', 'location': {'x': 0, 'y': 0, 'z': 1000}, 'rotation': {'pitch': -45, 'yaw': -45, 'roll': 0}, 'scale': {'x': 1, 'y': 1, 'z': 1}}
2025-04-09 10:43:34,810 - UnrealMCP - INFO - [unreal_mcp_server.py:89] - Adding actor MainLight (DirectionalLight) at location {'x': 0, 'y': 0, 'z': 1000}
2025-04-09 10:43:36,852 - UnrealMCP - INFO - [unreal_mcp_server.py:41] - Received command: AddActor with params: {'actorClass': 'SkyLight', 'actorName': 'SkyLight', 'location': {'x': 0, 'y': 0, 'z': 0}, 'rotation': {'pitch': 0, 'yaw': 0, 'roll': 0}, 'scale': {'x': 1, 'y': 1, 'z': 1}}
2025-04-09 10:43:36,852 - UnrealMCP - INFO - [unreal_mcp_server.py:89] - Adding actor SkyLight (SkyLight) at location {'x': 0, 'y': 0, 'z': 0}
2025-04-09 10:43:38,899 - UnrealMCP - INFO - [unreal_mcp_server.py:41] - Received command: RefreshContentBrowser with params: {}
2025-04-09 10:43:38,899 - UnrealMCP - ERROR - [unreal_mcp_server.py:57] - Error handling command: 400: Unknown command: RefreshContentBrowser
2025-04-09 10:47:34,180 - UnrealMCP - INFO - [unreal_mcp_server.py:41] - Received command: CreateLevel with params: {'levelName': 'TestLevel', 'template': 'EmptyLevel', 'savePath': '/Game/Maps/TestLevel'}
2025-04-09 10:47:34,181 - UnrealMCP - INFO - [unreal_mcp_server.py:66] - Creating level: TestLevel (template: EmptyLevel)
2025-04-09 10:47:41,197 - UnrealMCP - INFO - [unreal_mcp_server.py:41] - Received command: AddActor with params: {'actorClass': 'StaticMeshActor', 'actorName': 'Floor', 'location': {'x': 0, 'y': 0, 'z': 0}, 'rotation': {'pitch': 0, 'yaw': 0, 'roll': 0}, 'scale': {'x': 10, 'y': 10, 'z': 1}, 'staticMesh': '/Engine/BasicShapes/Plane.Plane'}
2025-04-09 10:47:41,198 - UnrealMCP - INFO - [unreal_mcp_server.py:89] - Adding actor Floor (StaticMeshActor) at location {'x': 0, 'y': 0, 'z': 0}
2025-04-09 10:47:43,257 - UnrealMCP - INFO - [unreal_mcp_server.py:41] - Received command: AddActor with params: {'actorClass': 'BP_FCCharacter', 'actorName': 'PlayerCharacter', 'location': {'x': 0, 'y': 0, 'z': 100}, 'rotation': {'pitch': 0, 'yaw': 0, 'roll': 0}, 'scale': {'x': 1, 'y': 1, 'z': 1}}
2025-04-09 10:47:43,257 - UnrealMCP - INFO - [unreal_mcp_server.py:89] - Adding actor PlayerCharacter (BP_FCCharacter) at location {'x': 0, 'y': 0, 'z': 100}
2025-04-09 10:47:45,286 - UnrealMCP - INFO - [unreal_mcp_server.py:41] - Received command: AddActor with params: {'actorClass': 'DirectionalLight', 'actorName': 'MainLight', 'location': {'x': 0, 'y': 0, 'z': 1000}, 'rotation': {'pitch': -45, 'yaw': -45, 'roll': 0}, 'scale': {'x': 1, 'y': 1, 'z': 1}}
2025-04-09 10:47:45,287 - UnrealMCP - INFO - [unreal_mcp_server.py:89] - Adding actor MainLight (DirectionalLight) at location {'x': 0, 'y': 0, 'z': 1000}
2025-04-09 10:47:47,342 - UnrealMCP - INFO - [unreal_mcp_server.py:41] - Received command: AddActor with params: {'actorClass': 'SkyLight', 'actorName': 'SkyLight', 'location': {'x': 0, 'y': 0, 'z': 0}, 'rotation': {'pitch': 0, 'yaw': 0, 'roll': 0}, 'scale': {'x': 1, 'y': 1, 'z': 1}}
2025-04-09 10:47:47,342 - UnrealMCP - INFO - [unreal_mcp_server.py:89] - Adding actor SkyLight (SkyLight) at location {'x': 0, 'y': 0, 'z': 0}
2025-04-09 10:47:49,394 - UnrealMCP - INFO - [unreal_mcp_server.py:41] - Received command: RefreshContentBrowser with params: {}
2025-04-09 10:47:49,394 - UnrealMCP - ERROR - [unreal_mcp_server.py:57] - Error handling command: 400: Unknown command: RefreshContentBrowser
